Max gen number:  200
population size:  200
directory already exists
====//==== starting ====//====
using Euclid_dis to drive the fitness function
====//==== finishing ====//====
outname:   test/Solutions.txt
File with best individual:  test/Solutions_bestIndiv.txt
Calculated populations:
  tt: 0.000
  tp: 0.574
  mm: 0.919
  pt: 0.172
  mt: 0.000
Best chemical shifts:
58.7978824843
36.1506779812
27.4234931301
17.8759646564
11.7988114509
time taken:  4.63749408722
         2893136 function calls (2892995 primitive calls) in 4.676 seconds

   Ordered by: standard name

   ncalls  tottime  percall  cumtime  percall filename:lineno(function)
        1    0.000    0.000    0.000    0.000 <string>:1(<module>)
        1    0.000    0.000    0.000    0.000 <string>:1(Match)
        1    0.000    0.000    0.000    0.000 <string>:1(Mismatch)
      199    0.136    0.001    2.936    0.015 GeneticAlgorithm.py:153(mate_and_mutate)
        1    0.000    0.000    0.035    0.035 GeneticAlgorithm.py:22(<module>)
      199    0.002    0.000    0.002    0.000 GeneticAlgorithm.py:229(Simulation_end_conditions)
        1    0.006    0.006    4.637    4.637 GeneticAlgorithm.py:270(algo)
        1    0.003    0.003    0.004    0.004 GeneticAlgorithm.py:33(First_Gen)
      200    0.750    0.004    0.774    0.004 GeneticAlgorithm.py:87(select_parents)
        1    0.001    0.001    4.676    4.676 RunCs2Rotamer.py:4(<module>)
        1    0.000    0.000    0.000    0.000 StringIO.py:30(<module>)
        1    0.000    0.000    0.000    0.000 StringIO.py:42(StringIO)
        6    0.000    0.000    0.000    0.000 UserDict.py:103(__contains__)
        5    0.000    0.000    0.000    0.000 UserDict.py:35(__getitem__)
        4    0.000    0.000    0.000    0.000 UserDict.py:91(get)
        1    0.000    0.000    0.000    0.000 __config__.py:3(<module>)
        1    0.000    0.000    0.000    0.000 __future__.py:48(<module>)
        1    0.000    0.000    0.000    0.000 __future__.py:74(_Feature)
        7    0.000    0.000    0.000    0.000 __future__.py:75(__init__)
        5    0.007    0.001    0.042    0.008 __init__.py:1(<module>)
        1    0.000    0.000    0.000    0.000 __init__.py:10(<module>)
        3    0.000    0.000    0.000    0.000 __init__.py:101(CFunctionType)
        1    0.001    0.001    0.032    0.032 __init__.py:106(<module>)
       14    0.000    0.000    0.000    0.000 __init__.py:144(_check_size)
        1    0.001    0.001    0.002    0.002 __init__.py:15(<module>)
        1    0.000    0.000    0.000    0.000 __init__.py:156(py_object)
        1    0.000    0.000    0.000    0.000 __init__.py:165(c_short)
        1    0.000    0.000    0.000    0.000 __init__.py:169(c_ushort)
        1    0.000    0.000    0.000    0.000 __init__.py:173(c_long)
        1    0.000    0.000    0.000    0.000 __init__.py:177(c_ulong)
        1    0.000    0.000    0.000    0.000 __init__.py:186(c_int)
        1    0.000    0.000    0.000    0.000 __init__.py:190(c_uint)
        1    0.000    0.000    0.000    0.000 __init__.py:194(c_float)
        1    0.000    0.000    0.000    0.000 __init__.py:198(c_double)
        1    0.002    0.002    0.037    0.037 __init__.py:2(<module>)
        1    0.000    0.000    0.000    0.000 __init__.py:202(c_longdouble)
        1    0.000    0.000    0.000    0.000 __init__.py:223(c_ubyte)
        1    0.000    0.000    0.000    0.000 __init__.py:230(c_byte)
        1    0.000    0.000    0.000    0.000 __init__.py:235(c_char)
        1    0.000    0.000    0.000    0.000 __init__.py:240(c_char_p)
        1    0.000    0.000    0.000    0.000 __init__.py:252(c_void_p)
        1    0.000    0.000    0.000    0.000 __init__.py:257(c_bool)
        1    0.000    0.000    0.000    0.000 __init__.py:262(_reset_cache)
        1    0.000    0.000    0.000    0.000 __init__.py:288(c_wchar_p)
        1    0.000    0.000    0.000    0.000 __init__.py:291(c_wchar)
        1    0.000    0.000    0.000    0.000 __init__.py:3(<module>)
        1    0.000    0.000    0.000    0.000 __init__.py:329(CDLL)
        1    0.000    0.000    0.000    0.000 __init__.py:346(__init__)
        1    0.000    0.000    0.000    0.000 __init__.py:356(_FuncPtr)
        1    0.000    0.000    0.000    0.000 __init__.py:385(PyDLL)
        1    0.001    0.001    0.003    0.003 __init__.py:41(<module>)
        1    0.000    0.000    0.000    0.000 __init__.py:425(LibraryLoader)
        2    0.000    0.000    0.000    0.000 __init__.py:426(__init__)
        2    0.001    0.000    0.004    0.002 __init__.py:45(<module>)
        3    0.000    0.000    0.000    0.000 __init__.py:490(PYFUNCTYPE)
        3    0.000    0.000    0.000    0.000 __init__.py:491(CFunctionType)
        1    0.000    0.000    0.006    0.006 __init__.py:7(<module>)
        3    0.000    0.000    0.000    0.000 __init__.py:75(CFUNCTYPE)
        1    0.001    0.001    0.002    0.002 __init__.py:88(<module>)
        2    0.000    0.000    0.000    0.000 _abcoll.py:548(update)
        1    0.000    0.000    0.000    0.000 _abcoll.py:98(__subclasshook__)
        1    0.000    0.000    0.000    0.000 _datasource.py:154(DataSource)
        1    0.000    0.000    0.000    0.000 _datasource.py:35(<module>)
        1    0.000    0.000    0.000    0.000 _datasource.py:50(_FileOpeners)
        1    0.000    0.000    0.000    0.000 _datasource.py:504(Repository)
        1    0.000    0.000    0.000    0.000 _datasource.py:74(__init__)
        1    0.000    0.000    0.000    0.000 _distributor_init.py:10(<module>)
        1    0.000    0.000    0.000    0.000 _endian.py:1(<module>)
        1    0.000    0.000    0.000    0.000 _endian.py:23(_swapped_meta)
        1    0.000    0.000    0.000    0.000 _endian.py:46(BigEndianStructure)
        1    0.000    0.000    0.000    0.000 _globals.py:17(<module>)
        1    0.000    0.000    0.000    0.000 _globals.py:33(ModuleDeprecationWarning)
        1    0.000    0.000    0.000    0.000 _globals.py:45(VisibleDeprecationWarning)
        1    0.000    0.000    0.000    0.000 _globals.py:56(_NoValue)
        1    0.000    0.000    0.000    0.000 _import_tools.py:1(<module>)
        1    0.000    0.000    0.000    0.000 _import_tools.py:340(PackageLoaderDebug)
        1    0.000    0.000    0.000    0.000 _import_tools.py:9(PackageLoader)
       98    0.000    0.000    0.000    0.000 _inspect.py:133(strseq)
       38    0.000    0.000    0.000    0.000 _inspect.py:142(formatargspec)
        7    0.000    0.000    0.000    0.000 _inspect.py:144(<lambda>)
        5    0.000    0.000    0.000    0.000 _inspect.py:145(<lambda>)
       60    0.000    0.000    0.000    0.000 _inspect.py:146(<lambda>)
       43    0.000    0.000    0.000    0.000 _inspect.py:15(ismethod)
       43    0.000    0.000    0.000    0.000 _inspect.py:28(isfunction)
       38    0.000    0.000    0.000    0.000 _inspect.py:43(iscode)
       38    0.000    0.000    0.000    0.000 _inspect.py:67(getargs)
        1    0.000    0.000    0.000    0.000 _inspect.py:7(<module>)
       43    0.000    0.000    0.000    0.000 _inspect.py:98(getargspec)
        1    0.000    0.000    0.000    0.000 _internal.py:200(dummy_ctype)
        1    0.000    0.000    0.000    0.000 _internal.py:210(_getintp_ctype)
        1    0.000    0.000    0.000    0.000 _internal.py:233(_missing_ctypes)
        1    0.000    0.000    0.000    0.000 _internal.py:240(_ctypes)
        1    0.000    0.000    0.005    0.005 _internal.py:6(<module>)
        1    0.000    0.000    0.000    0.000 _internal.py:671(TooHardError)
        1    0.000    0.000    0.000    0.000 _internal.py:674(AxisError)
       51    0.000    0.000    0.000    0.000 _internal.py:703(_ufunc_doc_signature_formatter)
       78    0.000    0.000    0.000    0.000 _internal.py:714(<genexpr>)
        1    0.000    0.000    0.000    0.000 _iotools.py:155(LineSplitter)
        1    0.000    0.000    0.000    0.000 _iotools.py:251(NameValidator)
        1    0.000    0.000    0.000    0.000 _iotools.py:3(<module>)
        1    0.000    0.000    0.000    0.000 _iotools.py:445(ConverterError)
        1    0.000    0.000    0.000    0.000 _iotools.py:453(ConverterLockError)
        1    0.000    0.000    0.000    0.000 _iotools.py:461(ConversionWarning)
        1    0.000    0.000    0.000    0.000 _iotools.py:474(StringConverter)
        1    0.000    0.000    0.000    0.000 _methods.py:5(<module>)
        1    0.000    0.000    0.000    0.000 _polybase.py:19(ABCPolyBase)
        1    0.000    0.000    0.000    0.000 _polybase.py:8(<module>)
        1    0.000    0.000    0.000    0.000 _version.py:18(NumpyVersion)
        1    0.000    0.000    0.000    0.000 _version.py:7(<module>)
       21    0.000    0.000    0.000    0.000 _weakrefset.py:16(__init__)
       21    0.000    0.000    0.000    0.000 _weakrefset.py:20(__enter__)
       21    0.000    0.000    0.000    0.000 _weakrefset.py:26(__exit__)
       65    0.000    0.000    0.000    0.000 _weakrefset.py:36(__init__)
       21    0.000    0.000    0.000    0.000 _weakrefset.py:52(_commit_removals)
       45    0.000    0.000    0.000    0.000 _weakrefset.py:58(__iter__)
       26    0.000    0.000    0.000    0.000 _weakrefset.py:70(__contains__)
       36    0.000    0.000    0.000    0.000 _weakrefset.py:83(add)
       15    0.000    0.000    0.000    0.000 abc.py:105(register)
    22/17    0.000    0.000    0.000    0.000 abc.py:148(__subclasscheck__)
       49    0.000    0.000    0.000    0.000 abc.py:15(abstractmethod)
       16    0.000    0.000    0.001    0.000 abc.py:86(__new__)
       72    0.000    0.000    0.000    0.000 abc.py:89(<genexpr>)
        1    0.000    0.000    0.023    0.023 add_newdocs.py:10(<module>)
        1    0.000    0.000    0.000    0.000 argparse.py:1000(_VersionAction)
        1    0.000    0.000    0.000    0.000 argparse.py:1025(_SubParsersAction)
        1    0.000    0.000    0.000    0.000 argparse.py:1027(_ChoicesPseudoAction)
        1    0.000    0.000    0.000    0.000 argparse.py:1109(FileType)
        1    0.000    0.000    0.000    0.000 argparse.py:112(_AttributeHolder)
        1    0.000    0.000    0.000    0.000 argparse.py:1153(Namespace)
        1    0.000    0.000    0.000    0.000 argparse.py:1160(__init__)
        1    0.000    0.000    0.000    0.000 argparse.py:1180(_ActionsContainer)
        3    0.000    0.000    0.000    0.000 argparse.py:1182(__init__)
       34    0.000    0.000    0.000    0.000 argparse.py:1234(register)
        5    0.000    0.000    0.000    0.000 argparse.py:1238(_registry_get)
        2    0.000    0.000    0.000    0.000 argparse.py:1263(add_argument)
        2    0.000    0.000    0.000    0.000 argparse.py:1310(add_argument_group)
        2    0.000    0.000    0.000    0.000 argparse.py:1320(_add_action)
        2    0.000    0.000    0.000    0.000 argparse.py:1400(_get_optional_kwargs)
        2    0.000    0.000    0.000    0.000 argparse.py:1435(_pop_action_class)
        3    0.000    0.000    0.000    0.000 argparse.py:1439(_get_handler)
        2    0.000    0.000    0.000    0.000 argparse.py:1448(_check_conflict)
        1    0.000    0.000    0.000    0.000 argparse.py:147(HelpFormatter)
        1    0.000    0.000    0.000    0.000 argparse.py:1484(_ArgumentGroup)
        2    0.000    0.000    0.000    0.000 argparse.py:1486(__init__)
        2    0.000    0.000    0.000    0.000 argparse.py:1508(_add_action)
        1    0.000    0.000    0.000    0.000 argparse.py:1518(_MutuallyExclusiveGroup)
        1    0.000    0.000    0.000    0.000 argparse.py:1538(ArgumentParser)
        2    0.000    0.000    0.000    0.000 argparse.py:154(__init__)
        1    0.000    0.000    0.001    0.001 argparse.py:1556(__init__)
        2    0.000    0.000    0.000    0.000 argparse.py:1680(_add_action)
        1    0.000    0.000    0.000    0.000 argparse.py:1692(_get_positional_actions)
        1    0.000    0.000    0.000    0.000 argparse.py:1700(parse_args)
        1    0.000    0.000    0.000    0.000 argparse.py:1707(parse_known_args)
        1    0.000    0.000    0.000    0.000 argparse.py:1742(_parse_known_args)
        1    0.000    0.000    0.000    0.000 argparse.py:1887(consume_positionals)
        1    0.000    0.000    0.000    0.000 argparse.py:197(_Section)
        2    0.000    0.000    0.000    0.000 argparse.py:199(__init__)
        1    0.000    0.000    0.000    0.000 argparse.py:2039(_match_arguments_partial)
        1    0.000    0.000    0.000    0.000 argparse.py:2252(_get_value)
        2    0.000    0.000    0.000    0.000 argparse.py:2326(_get_formatter)
        2    0.000    0.000    0.000    0.000 argparse.py:557(_metavar_formatter)
        2    0.000    0.000    0.000    0.000 argparse.py:566(format)
        2    0.000    0.000    0.000    0.000 argparse.py:573(_format_args)
        1    0.000    0.000    0.000    0.000 argparse.py:62(<module>)
        1    0.000    0.000    0.000    0.000 argparse.py:629(RawDescriptionHelpFormatter)
        1    0.000    0.000    0.000    0.000 argparse.py:640(RawTextHelpFormatter)
        1    0.000    0.000    0.000    0.000 argparse.py:651(ArgumentDefaultsHelpFormatter)
        1    0.000    0.000    0.000    0.000 argparse.py:685(ArgumentError)
        1    0.000    0.000    0.000    0.000 argparse.py:705(ArgumentTypeError)
        1    0.000    0.000    0.000    0.000 argparse.py:714(Action)
        2    0.000    0.000    0.000    0.000 argparse.py:765(__init__)
        1    0.000    0.000    0.000    0.000 argparse.py:805(_StoreAction)
        1    0.000    0.000    0.000    0.000 argparse.py:807(__init__)
        1    0.000    0.000    0.000    0.000 argparse.py:840(_StoreConstAction)
        1    0.000    0.000    0.000    0.000 argparse.py:863(_StoreTrueAction)
        1    0.000    0.000    0.000    0.000 argparse.py:880(_StoreFalseAction)
        1    0.000    0.000    0.000    0.000 argparse.py:897(_AppendAction)
        1    0.000    0.000    0.000    0.000 argparse.py:934(_AppendConstAction)
        5    0.000    0.000    0.000    0.000 argparse.py:95(_callable)
        1    0.000    0.000    0.000    0.000 argparse.py:960(_CountAction)
        1    0.000    0.000    0.000    0.000 argparse.py:981(_HelpAction)
        1    0.000    0.000    0.000    0.000 argparse.py:983(__init__)
        1    0.000    0.000    0.000    0.000 arraypad.py:5(<module>)
        1    0.000    0.000    0.000    0.000 arrayprint.py:368(_recursive_guard)
        1    0.000    0.000    0.000    0.000 arrayprint.py:378(decorating_function)
        1    0.000    0.000    0.000    0.000 arrayprint.py:5(<module>)
        1    0.000    0.000    0.000    0.000 arrayprint.py:602(FloatFormat)
        1    0.000    0.000    0.000    0.000 arrayprint.py:711(IntegerFormat)
        1    0.000    0.000    0.000    0.000 arrayprint.py:731(LongFloatFormat)
        1    0.000    0.000    0.000    0.000 arrayprint.py:761(LongComplexFormat)
        1    0.000    0.000    0.000    0.000 arrayprint.py:772(ComplexFormat)
        1    0.000    0.000    0.000    0.000 arrayprint.py:789(DatetimeFormat)
        1    0.000    0.000    0.000    0.000 arrayprint.py:810(TimedeltaFormat)
        1    0.000    0.000    0.000    0.000 arrayprint.py:837(SubArrayFormat)
        1    0.000    0.000    0.000    0.000 arrayprint.py:847(StructureFormat)
        1    0.000    0.000    0.000    0.000 arraysetops.py:27(<module>)
        1    0.000    0.000    0.000    0.000 arrayterator.py:20(Arrayterator)
        1    0.000    0.000    0.000    0.000 arrayterator.py:9(<module>)
        1    0.000    0.000    0.000    0.000 ast.py:217(NodeVisitor)
        1    0.000    0.000    0.000    0.000 ast.py:254(NodeTransformer)
        1    0.000    0.000    0.000    0.000 ast.py:27(<module>)
        1    0.001    0.001    0.002    0.002 case.py:1(<module>)
        1    0.000    0.000    0.000    0.000 case.py:1018(FunctionTestCase)
        1    0.000    0.000    0.000    0.000 case.py:131(TestCase)
        1    0.000    0.000    0.000    0.000 case.py:25(SkipTest)
        1    0.000    0.000    0.000    0.000 case.py:34(_ExpectedFailure)
        1    0.000    0.000    0.000    0.000 case.py:45(_UnexpectedSuccess)
        7    0.000    0.000    0.000    0.000 case.py:607(_deprecate)
        1    0.000    0.000    0.000    0.000 case.py:98(_AssertRaisesContext)
        1    0.000    0.000    0.000    0.000 chebyshev.py:2036(Chebyshev)
        1    0.000    0.000    0.000    0.000 chebyshev.py:87(<module>)
        1    0.000    0.000    0.000    0.000 chemicalShifts.py:5(<module>)
    40001    2.876    0.000    3.113    0.000 chemicalShifts.py:9(Computed_shifts)
        1    0.000    0.000    0.001    0.001 collections.py:11(<module>)
        2    0.001    0.001    0.001    0.001 collections.py:305(namedtuple)
       46    0.000    0.000    0.000    0.000 collections.py:349(<genexpr>)
        8    0.000    0.000    0.000    0.000 collections.py:373(<genexpr>)
        8    0.000    0.000    0.000    0.000 collections.py:375(<genexpr>)
        1    0.000    0.000    0.000    0.000 collections.py:38(OrderedDict)
        1    0.000    0.000    0.000    0.000 collections.py:407(Counter)
        2    0.000    0.000    0.000    0.000 collections.py:50(__init__)
        1    0.000    0.000    0.000    0.000 contextlib.py:1(<module>)
        1    0.000    0.000    0.000    0.000 contextlib.py:132(closing)
        5    0.000    0.000    0.000    0.000 contextlib.py:54(contextmanager)
        1    0.000    0.000    0.000    0.000 contextlib.py:9(GeneratorContextManager)
        1    0.000    0.000    0.000    0.000 copy_reg.py:14(pickle)
        1    0.000    0.000    0.000    0.000 copy_reg.py:27(constructor)
        1    0.000    0.000    0.000    0.000 core.py:1001(_MaskedBinaryOperation)
       18    0.000    0.000    0.000    0.000 core.py:1021(__init__)
        1    0.000    0.000    0.000    0.000 core.py:1153(_DomainedBinaryOperation)
        6    0.000    0.000    0.000    0.000 core.py:1174(__init__)
        4    0.000    0.000    0.000    0.000 core.py:124(doc_note)
       43    0.000    0.000    0.001    0.000 core.py:143(get_object_signature)
        1    0.000    0.000    0.000    0.000 core.py:160(MAError)
        1    0.000    0.000    0.000    0.000 core.py:168(MaskError)
        1    0.000    0.000    0.001    0.001 core.py:21(<module>)
        1    0.000    0.000    0.000    0.000 core.py:2400(_MaskedPrintOption)
        1    0.000    0.000    0.000    0.000 core.py:2406(__init__)
        9    0.000    0.000    0.000    0.000 core.py:2569(_arraymethod)
        1    0.000    0.000    0.000    0.000 core.py:2617(MaskedIterator)
        1    0.000    0.000    0.000    0.000 core.py:2731(MaskedArray)
        1    0.000    0.000    0.000    0.000 core.py:6046(mvoid)
        1    0.000    0.000    0.000    0.000 core.py:6248(MaskedConstant)
        1    0.000    0.000    0.000    0.000 core.py:6255(__new__)
        1    0.000    0.000    0.000    0.000 core.py:6258(__array_finalize__)
        1    0.000    0.000    0.000    0.000 core.py:6361(_extrema_operation)
        2    0.000    0.000    0.000    0.000 core.py:6370(__init__)
        1    0.000    0.000    0.000    0.000 core.py:6482(_frommethod)
       26    0.000    0.000    0.000    0.000 core.py:6493(__init__)
       26    0.000    0.000    0.000    0.000 core.py:6498(getdoc)
        1    0.000    0.000    0.000    0.000 core.py:7960(_convert2ma)
        8    0.000    0.000    0.000    0.000 core.py:7973(__init__)
        8    0.000    0.000    0.000    0.000 core.py:7978(getdoc)
        1    0.000    0.000    0.000    0.000 core.py:826(_DomainCheckInterval)
        3    0.000    0.000    0.000    0.000 core.py:835(__init__)
        1    0.000    0.000    0.000    0.000 core.py:851(_DomainTan)
        1    0.000    0.000    0.000    0.000 core.py:859(__init__)
        1    0.000    0.000    0.000    0.000 core.py:869(_DomainSafeDivide)
        6    0.000    0.000    0.000    0.000 core.py:875(__init__)
        1    0.000    0.000    0.000    0.000 core.py:890(_DomainGreater)
        3    0.000    0.000    0.000    0.000 core.py:896(__init__)
        1    0.000    0.000    0.000    0.000 core.py:906(_DomainGreaterEqual)
        2    0.000    0.000    0.000    0.000 core.py:912(__init__)
        1    0.000    0.000    0.000    0.000 core.py:922(_MaskedUnaryOperation)
        1    0.000    0.000    0.000    0.000 core.py:93(MaskedArrayFutureWarning)
       27    0.000    0.000    0.000    0.000 core.py:940(__init__)
        1    0.000    0.000    0.000    0.000 ctypeslib.py:177(_ndptr)
       12    0.000    0.000    0.000    0.000 ctypeslib.py:330(prep_simple)
        1    0.000    0.000    0.000    0.000 ctypeslib.py:51(<module>)
        1    0.000    0.000    0.002    0.002 decorators.py:15(<module>)
        1    0.000    0.000    0.000    0.000 defchararray.py:1669(chararray)
        1    0.000    0.000    0.000    0.000 defchararray.py:17(<module>)
        1    0.000    0.000    0.000    0.000 defmatrix.py:1(<module>)
        1    0.000    0.000    0.000    0.000 defmatrix.py:174(matrix)
        1    0.000    0.000    0.000    0.000 difflib.py:1670(HtmlDiff)
        1    0.000    0.000    0.001    0.001 difflib.py:27(<module>)
        1    0.000    0.000    0.000    0.000 difflib.py:44(SequenceMatcher)
        1    0.000    0.000    0.000    0.000 difflib.py:764(Differ)
   159401    0.380    0.000    0.396    0.000 distanceFunctions.py:13(Euclid_dis)
    40001    0.048    0.000    0.444    0.000 distanceFunctions.py:48(Distance)
        1    0.000    0.000    0.000    0.000 distanceFunctions.py:5(<module>)
      200    0.053    0.000    0.053    0.000 distanceFunctions.py:78(reciprocal)
      200    0.004    0.000    0.004    0.000 distanceFunctions.py:99(get_smallest_distance)
        1    0.000    0.000    0.000    0.000 einsumfunc.py:4(<module>)
        1    0.000    0.000    0.000    0.000 extras.py:10(<module>)
        1    0.000    0.000    0.000    0.000 extras.py:1453(MAxisConcatenator)
        1    0.000    0.000    0.000    0.000 extras.py:1478(mr_class)
        1    0.000    0.000    0.000    0.000 extras.py:1494(__init__)
        1    0.000    0.000    0.000    0.000 extras.py:218(_fromnxfunction)
        9    0.000    0.000    0.000    0.000 extras.py:238(__init__)
        9    0.000    0.000    0.000    0.000 extras.py:242(getdoc)
        1    0.000    0.000    0.000    0.000 extras.py:273(_fromnxfunction_single)
        1    0.000    0.000    0.000    0.000 extras.py:291(_fromnxfunction_seq)
        1    0.000    0.000    0.000    0.000 extras.py:304(_fromnxfunction_args)
        1    0.000    0.000    0.000    0.000 extras.py:329(_fromnxfunction_allargs)
        1    0.000    0.000    0.001    0.001 fftpack.py:32(<module>)
        1    0.000    0.000    0.000    0.000 fiIeIO.py:12(ReadIn_measured_C_shifts)
      400    0.000    0.000    0.000    0.000 fiIeIO.py:133(Write_out)
        1    0.000    0.000    0.000    0.000 fiIeIO.py:180(Wite_solutions)
        1    0.000    0.000    0.000    0.000 fiIeIO.py:243(write_smallest_distances)
        1    0.000    0.000    0.000    0.000 fiIeIO.py:3(<module>)
        1    0.000    0.000    0.000    0.000 fiIeIO.py:37(setup_Fitted_DFT)
        1    0.000    0.000    0.000    0.000 financial.py:10(<module>)
        1    0.000    0.000    0.000    0.000 fnmatch.py:11(<module>)
        1    0.000    0.000    0.000    0.000 format.py:149(<module>)
        1    0.000    0.000    0.000    0.000 fromnumeric.py:3(<module>)
        2    0.000    0.000    0.000    0.000 function_base.py:1(<module>)
        1    0.000    0.000    0.000    0.000 function_base.py:2522(vectorize)
      275    0.000    0.000    0.001    0.000 function_base.py:4514(add_newdoc)
       12    0.000    0.000    0.000    0.000 functools.py:17(update_wrapper)
       12    0.000    0.000    0.000    0.000 functools.py:39(wraps)
       36    0.000    0.000    0.000    0.000 genericpath.py:23(exists)
       30    0.000    0.000    0.000    0.000 getlimits.py:26(_fr1)
        1    0.000    0.000    0.000    0.000 getlimits.py:3(<module>)
        1    0.000    0.000    0.000    0.000 getlimits.py:305(finfo)
        1    0.000    0.000    0.000    0.000 getlimits.py:455(iinfo)
        5    0.000    0.000    0.000    0.000 getlimits.py:507(__init__)
        2    0.000    0.000    0.000    0.000 getlimits.py:532(max)
        1    0.000    0.000    0.000    0.000 getlimits.py:62(MachArLike)
        6    0.000    0.000    0.000    0.000 getlimits.py:65(__init__)
       36    0.000    0.000    0.000    0.000 getlimits.py:69(<lambda>)
       30    0.000    0.000    0.000    0.000 getlimits.py:70(<lambda>)
        9    0.000    0.000    0.000    0.000 gettext.py:132(_expand_lang)
        3    0.000    0.000    0.000    0.000 gettext.py:424(find)
        3    0.000    0.000    0.000    0.000 gettext.py:479(translation)
        3    0.000    0.000    0.000    0.000 gettext.py:545(dgettext)
        3    0.000    0.000    0.000    0.000 gettext.py:583(gettext)
        6    0.000    0.000    0.000    0.000 hashlib.py:100(__get_openssl_constructor)
        1    0.001    0.001    0.001    0.001 hashlib.py:56(<module>)
        1    0.000    0.000    0.000    0.000 heapq.py:31(<module>)
        1    0.000    0.000    0.000    0.000 helper.py:230(_FFTCache)
        2    0.000    0.000    0.000    0.000 helper.py:251(__init__)
        1    0.000    0.000    0.001    0.001 helper.py:4(<module>)
        1    0.000    0.000    0.000    0.000 hermite.py:1810(Hermite)
        1    0.000    0.000    0.000    0.000 hermite.py:59(<module>)
        1    0.000    0.000    0.000    0.000 hermite_e.py:1807(HermiteE)
        1    0.000    0.000    0.000    0.000 hermite_e.py:59(<module>)
        1    0.001    0.001    0.001    0.001 index_tricks.py:1(<module>)
        2    0.000    0.000    0.000    0.000 index_tricks.py:159(__init__)
        1    0.000    0.000    0.000    0.000 index_tricks.py:231(AxisConcatenator)
        3    0.000    0.000    0.000    0.000 index_tricks.py:241(__init__)
        1    0.000    0.000    0.000    0.000 index_tricks.py:356(RClass)
        1    0.000    0.000    0.000    0.000 index_tricks.py:451(__init__)
        1    0.000    0.000    0.000    0.000 index_tricks.py:456(CClass)
        1    0.000    0.000    0.000    0.000 index_tricks.py:481(__init__)
        1    0.000    0.000    0.000    0.000 index_tricks.py:486(ndenumerate)
        1    0.000    0.000    0.000    0.000 index_tricks.py:536(ndindex)
        1    0.000    0.000    0.000    0.000 index_tricks.py:614(IndexExpression)
        2    0.000    0.000    0.000    0.000 index_tricks.py:658(__init__)
        1    0.000    0.000    0.000    0.000 index_tricks.py:98(nd_grid)
        1    0.000    0.000    0.000    0.000 info.py:156(<module>)
        1    0.000    0.000    0.000    0.000 info.py:184(<module>)
        1    0.000    0.000    0.000    0.000 info.py:34(<module>)
        1    0.000    0.000    0.000    0.000 info.py:83(<module>)
        1    0.000    0.000    0.000    0.000 info.py:86(<module>)
        1    0.000    0.000    0.000    0.000 io.py:34(<module>)
        1    0.000    0.000    0.000    0.000 io.py:69(IOBase)
        1    0.000    0.000    0.000    0.000 io.py:73(RawIOBase)
        1    0.000    0.000    0.000    0.000 io.py:76(BufferedIOBase)
        1    0.000    0.000    0.000    0.000 io.py:79(TextIOBase)
        1    0.000    0.000    0.000    0.000 keyword.py:11(<module>)
        1    0.000    0.000    0.000    0.000 laguerre.py:1760(Laguerre)
        1    0.000    0.000    0.000    0.000 laguerre.py:59(<module>)
        1    0.000    0.000    0.000    0.000 legendre.py:1790(Legendre)
        1    0.000    0.000    0.000    0.000 legendre.py:83(<module>)
        1    0.000    0.000    0.000    0.000 linalg.py:10(<module>)
        1    0.000    0.000    0.000    0.000 linalg.py:43(LinAlgError)
        1    0.000    0.000    0.000    0.000 linalg.py:76(_determine_error_states)
        1    0.000    0.000    0.000    0.000 loader.py:1(<module>)
        1    0.000    0.000    0.000    0.000 loader.py:38(TestLoader)
        9    0.000    0.000    0.000    0.000 locale.py:365(normalize)
        1    0.000    0.000    0.000    0.000 machar.py:17(MachAr)
        1    0.000    0.000    0.000    0.000 machar.py:7(<module>)
        1    0.000    0.000    0.000    0.000 main.py:1(<module>)
        1    0.000    0.000    0.000    0.000 main.py:63(TestProgram)
        1    0.000    0.000    0.000    0.000 memmap.py:1(<module>)
        1    0.000    0.000    0.000    0.000 memmap.py:20(memmap)
        1    0.000    0.000    0.000    0.000 mixins.py:1(<module>)
       20    0.000    0.000    0.000    0.000 mixins.py:20(_binary_method)
       14    0.000    0.000    0.000    0.000 mixins.py:30(_reflected_binary_method)
       13    0.000    0.000    0.000    0.000 mixins.py:40(_inplace_binary_method)
       13    0.000    0.000    0.000    0.000 mixins.py:48(_numeric_methods)
        4    0.000    0.000    0.000    0.000 mixins.py:55(_unary_method)
        1    0.000    0.000    0.000    0.000 mixins.py:63(NDArrayOperatorsMixin)
        1    0.000    0.000    0.000    0.000 nanfunctions.py:21(<module>)
        1    0.000    0.000    0.000    0.000 nosetester.py:110(NoseTester)
       19    0.000    0.000    0.000    0.000 nosetester.py:152(__init__)
       19    0.000    0.000    0.000    0.000 nosetester.py:518(_numpy_tester)
        1    0.000    0.000    0.000    0.000 nosetester.py:6(<module>)
        1    0.000    0.000    0.001    0.001 npyio.py:1(<module>)
        1    0.000    0.000    0.000    0.000 npyio.py:104(NpzFile)
        1    0.000    0.000    0.000    0.000 npyio.py:40(BagObj)
        1    0.000    0.000    0.000    0.000 numbers.py:13(Number)
        1    0.000    0.000    0.000    0.000 numbers.py:169(Real)
        1    0.000    0.000    0.000    0.000 numbers.py:270(Rational)
        1    0.000    0.000    0.000    0.000 numbers.py:295(Integral)
        1    0.000    0.000    0.000    0.000 numbers.py:34(Complex)
        1    0.000    0.000    0.000    0.000 numbers.py:6(<module>)
        1    0.001    0.001    0.002    0.002 numeric.py:1(<module>)
        2    0.000    0.000    0.000    0.000 numeric.py:1942(set_string_function)
        6    0.000    0.000    0.000    0.000 numeric.py:2667(seterr)
        6    0.000    0.000    0.000    0.000 numeric.py:2767(geterr)
        1    0.000    0.000    0.000    0.000 numeric.py:2992(_unspecified)
        1    0.000    0.000    0.000    0.000 numeric.py:2997(errstate)
        3    0.000    0.000    0.000    0.000 numeric.py:3060(__init__)
        3    0.000    0.000    0.000    0.000 numeric.py:3064(__enter__)
        3    0.000    0.000    0.000    0.000 numeric.py:3069(__exit__)
        1    0.000    0.000    0.000    0.000 numeric.py:3075(_setdef)
        3    0.000    0.000    0.000    0.000 numeric.py:367(extend_all)
        1    0.000    0.000    0.000    0.000 numeric.py:76(ComplexWarning)
       72    0.000    0.000    0.000    0.000 numerictypes.py:127(english_lower)
       40    0.000    0.000    0.000    0.000 numerictypes.py:154(english_upper)
       14    0.000    0.000    0.000    0.000 numerictypes.py:181(english_capitalize)
       21    0.000    0.000    0.000    0.000 numerictypes.py:216(_evalname)
       26    0.000    0.000    0.000    0.000 numerictypes.py:229(bitname)
        1    0.000    0.000    0.000    0.000 numerictypes.py:285(_add_types)
        1    0.000    0.000    0.000    0.000 numerictypes.py:301(_add_aliases)
        1    0.000    0.000    0.000    0.000 numerictypes.py:338(_add_integer_aliases)
        1    0.000    0.000    0.000    0.000 numerictypes.py:379(_set_up_aliases)
        1    0.000    0.000    0.000    0.000 numerictypes.py:428(_construct_char_code_lookup)
       30    0.000    0.000    0.000    0.000 numerictypes.py:443(_add_array_type)
        1    0.000    0.000    0.000    0.000 numerictypes.py:451(_set_array_types)
        1    0.000    0.000    0.000    0.000 numerictypes.py:765(_typedict)
        1    0.000    0.000    0.000    0.000 numerictypes.py:781(_construct_lookups)
        1    0.000    0.000    0.001    0.001 numerictypes.py:82(<module>)
        1    0.000    0.000    0.000    0.000 numerictypes.py:957(_register_types)
        2    0.000    0.000    0.000    0.000 os.py:472(__setitem__)
        2    0.000    0.000    0.000    0.000 os.py:496(__delitem__)
        1    0.000    0.000    0.000    0.000 parameterClasses.py:1(<module>)
        1    0.000    0.000    0.000    0.000 parameterClasses.py:18(__init__)
        1    0.000    0.000    0.000    0.000 parameterClasses.py:5(ReadInputFile)
        1    0.000    0.000    0.000    0.000 polynomial.py:1601(Polynomial)
        1    0.000    0.000    0.000    0.000 polynomial.py:22(RankWarning)
        1    0.000    0.000    0.001    0.001 polynomial.py:4(<module>)
        1    0.000    0.000    0.000    0.000 polynomial.py:56(<module>)
        1    0.000    0.000    0.000    0.000 polynomial.py:939(poly1d)
        1    0.000    0.000    0.000    0.000 polyutils.py:45(<module>)
        1    0.000    0.000    0.000    0.000 polyutils.py:58(RankWarning)
        1    0.000    0.000    0.000    0.000 polyutils.py:62(PolyError)
        1    0.000    0.000    0.000    0.000 polyutils.py:66(PolyDomainError)
        1    0.000    0.000    0.000    0.000 polyutils.py:79(PolyBase)
        1    0.000    0.000    0.000    0.000 posixpath.py:112(basename)
       20    0.000    0.000    0.000    0.000 posixpath.py:120(dirname)
       37    0.000    0.000    0.000    0.000 posixpath.py:61(join)
        1    0.000    0.000    0.000    0.000 pprint.py:35(<module>)
        1    0.000    0.000    0.000    0.000 pprint.py:84(PrettyPrinter)
        1    0.000    0.000    0.000    0.000 py3k.py:4(<module>)
        1    0.000    0.000    0.000    0.000 random.py:100(seed)
    64772    0.054    0.000    0.059    0.000 random.py:175(randrange)
    64772    0.019    0.000    0.077    0.000 random.py:238(randint)
   144068    0.037    0.000    0.044    0.000 random.py:358(uniform)
        1    0.000    0.000    0.002    0.002 random.py:40(<module>)
        1    0.000    0.000    0.000    0.000 random.py:655(WichmannHill)
        1    0.000    0.000    0.000    0.000 random.py:72(Random)
        1    0.000    0.000    0.000    0.000 random.py:805(SystemRandom)
        1    0.000    0.000    0.000    0.000 random.py:91(__init__)
       24    0.000    0.000    0.003    0.000 re.py:192(compile)
       24    0.000    0.000    0.003    0.000 re.py:230(_compile)
        1    0.000    0.000    0.000    0.000 records.py:215(record)
        1    0.000    0.000    0.000    0.000 records.py:298(recarray)
        1    0.000    0.000    0.000    0.000 records.py:36(<module>)
        1    0.000    0.000    0.000    0.000 records.py:83(format_parser)
        1    0.000    0.000    0.001    0.001 result.py:1(<module>)
        3    0.000    0.000    0.000    0.000 result.py:14(failfast)
        1    0.000    0.000    0.000    0.000 result.py:26(TestResult)
        1    0.000    0.000    0.000    0.000 runner.py:1(<module>)
        1    0.000    0.000    0.000    0.000 runner.py:119(TextTestRunner)
        1    0.000    0.000    0.000    0.000 runner.py:12(_WritelnDecorator)
        1    0.000    0.000    0.000    0.000 runner.py:28(TextTestResult)
        1    0.000    0.000    0.000    0.000 scimath.py:17(<module>)
        2    0.000    0.000    0.000    0.000 shape_base.py:1(<module>)
        1    0.000    0.000    0.000    0.000 shape_base.py:364(_Recurser)
        1    0.000    0.000    0.000    0.000 shutil.py:31(Error)
        1    0.000    0.000    0.000    0.000 shutil.py:34(SpecialFileError)
        1    0.000    0.000    0.000    0.000 shutil.py:38(ExecError)
        1    0.000    0.000    0.000    0.000 shutil.py:5(<module>)
        1    0.000    0.000    0.000    0.000 signals.py:1(<module>)
        1    0.000    0.000    0.000    0.000 signals.py:9(_InterruptHandler)
       66    0.000    0.000    0.000    0.000 sre_compile.py:101(fixup)
       19    0.000    0.000    0.000    0.000 sre_compile.py:228(_compile_charset)
       19    0.000    0.000    0.000    0.000 sre_compile.py:256(_optimize_charset)
        4    0.000    0.000    0.000    0.000 sre_compile.py:411(_mk_bitmap)
       26    0.000    0.000    0.000    0.000 sre_compile.py:428(_simple)
       16    0.000    0.000    0.000    0.000 sre_compile.py:433(_compile_info)
       32    0.000    0.000    0.000    0.000 sre_compile.py:546(isstring)
       16    0.000    0.000    0.001    0.000 sre_compile.py:552(_code)
       16    0.000    0.000    0.003    0.000 sre_compile.py:567(compile)
    50/16    0.000    0.000    0.001    0.000 sre_compile.py:64(_compile)
      112    0.000    0.000    0.000    0.000 sre_parse.py:137(__len__)
        4    0.000    0.000    0.000    0.000 sre_parse.py:139(__delitem__)
      189    0.000    0.000    0.000    0.000 sre_parse.py:141(__getitem__)
       26    0.000    0.000    0.000    0.000 sre_parse.py:145(__setitem__)
      154    0.000    0.000    0.000    0.000 sre_parse.py:149(append)
    76/42    0.000    0.000    0.000    0.000 sre_parse.py:151(getwidth)
       16    0.000    0.000    0.000    0.000 sre_parse.py:189(__init__)
      343    0.000    0.000    0.000    0.000 sre_parse.py:193(__next)
      124    0.000    0.000    0.000    0.000 sre_parse.py:206(match)
      295    0.000    0.000    0.000    0.000 sre_parse.py:212(get)
       24    0.000    0.000    0.000    0.000 sre_parse.py:221(isident)
        2    0.000    0.000    0.000    0.000 sre_parse.py:224(isdigit)
        4    0.000    0.000    0.000    0.000 sre_parse.py:227(isname)
       19    0.000    0.000    0.000    0.000 sre_parse.py:268(_escape)
    22/16    0.000    0.000    0.001    0.000 sre_parse.py:317(_parse_sub)
    23/17    0.000    0.000    0.001    0.000 sre_parse.py:395(_parse)
       16    0.000    0.000    0.000    0.000 sre_parse.py:67(__init__)
       16    0.000    0.000    0.001    0.000 sre_parse.py:706(parse)
        5    0.000    0.000    0.000    0.000 sre_parse.py:74(opengroup)
        5    0.000    0.000    0.000    0.000 sre_parse.py:85(closegroup)
       50    0.000    0.000    0.000    0.000 sre_parse.py:92(__init__)
        1    0.000    0.000    0.000    0.000 stride_tricks.py:15(DummyArray)
        1    0.000    0.000    0.000    0.000 stride_tricks.py:7(<module>)
        1    0.000    0.000    0.000    0.000 suite.py:1(<module>)
        1    0.000    0.000    0.000    0.000 suite.py:16(BaseTestSuite)
        1    0.000    0.000    0.000    0.000 suite.py:252(_ErrorHolder)
        1    0.000    0.000    0.000    0.000 suite.py:299(_DebugResult)
        1    0.000    0.000    0.000    0.000 suite.py:78(TestSuite)
        1    0.000    0.000    0.000    0.000 tempfile.py:108(_RandomNameSequence)
        1    0.000    0.000    0.001    0.001 tempfile.py:18(<module>)
        1    0.000    0.000    0.000    0.000 tempfile.py:383(_TemporaryFileWrapper)
        1    0.000    0.000    0.000    0.000 tempfile.py:519(SpooledTemporaryFile)
        1    0.000    0.000    0.000    0.000 threading.py:1(<module>)
        1    0.000    0.000    0.000    0.000 threading.py:1049(_Timer)
        1    0.000    0.000    0.000    0.000 threading.py:1079(_MainThread)
        1    0.000    0.000    0.000    0.000 threading.py:1081(__init__)
        1    0.000    0.000    0.000    0.000 threading.py:1088(_set_daemon)
        1    0.000    0.000    0.000    0.000 threading.py:1119(_DummyThread)
        1    0.000    0.000    0.000    0.000 threading.py:125(_RLock)
        2    0.000    0.000    0.000    0.000 threading.py:242(Condition)
        1    0.000    0.000    0.000    0.000 threading.py:255(_Condition)
        2    0.000    0.000    0.000    0.000 threading.py:260(__init__)
        1    0.000    0.000    0.000    0.000 threading.py:285(__enter__)
        1    0.000    0.000    0.000    0.000 threading.py:288(__exit__)
        1    0.000    0.000    0.000    0.000 threading.py:300(_is_owned)
        1    0.000    0.000    0.000    0.000 threading.py:373(notify)
        1    0.000    0.000    0.000    0.000 threading.py:400(notifyAll)
        1    0.000    0.000    0.000    0.000 threading.py:423(_Semaphore)
        1    0.000    0.000    0.000    0.000 threading.py:515(_BoundedSemaphore)
        1    0.000    0.000    0.000    0.000 threading.py:542(Event)
        1    0.000    0.000    0.000    0.000 threading.py:552(_Event)
        1    0.000    0.000    0.000    0.000 threading.py:561(__init__)
        1    0.000    0.000    0.000    0.000 threading.py:57(_Verbose)
        1    0.000    0.000    0.000    0.000 threading.py:576(set)
        4    0.000    0.000    0.000    0.000 threading.py:59(__init__)
        1    0.000    0.000    0.000    0.000 threading.py:631(Thread)
        1    0.000    0.000    0.000    0.000 threading.py:64(_note)
        1    0.000    0.000    0.000    0.000 threading.py:647(__init__)
        1    0.000    0.000    0.000    0.000 threading.py:780(_set_ident)
        1    0.000    0.000    0.000    0.000 twodim_base.py:3(<module>)
        1    0.000    0.000    0.018    0.018 type_check.py:3(<module>)
        3    0.000    0.000    0.000    0.000 ufunclike.py:14(_deprecate_out_named_y)
        1    0.000    0.000    0.000    0.000 ufunclike.py:5(<module>)
        1    0.000    0.000    0.000    0.000 util.py:1(<module>)
        1    0.000    0.000    0.000    0.000 utils.py:1(<module>)
        3    0.000    0.000    0.000    0.000 utils.py:118(deprecate)
        1    0.000    0.000    0.000    0.000 utils.py:1589(WarningMessage)
        1    0.000    0.000    0.000    0.000 utils.py:1622(WarningManager)
        1    0.000    0.000    0.000    0.000 utils.py:1849(IgnoreException)
        1    0.000    0.000    0.000    0.000 utils.py:1890(clear_and_catch_warnings)
        1    0.000    0.000    0.000    0.000 utils.py:1955(suppress_warnings)
        1    0.001    0.001    0.002    0.002 utils.py:4(<module>)
        1    0.000    0.000    0.000    0.000 utils.py:41(KnownFailureException)
        3    0.000    0.000    0.000    0.000 utils.py:52(_set_function_name)
        1    0.000    0.000    0.000    0.000 utils.py:57(_Deprecate)
        3    0.000    0.000    0.000    0.000 utils.py:69(__init__)
        3    0.000    0.000    0.000    0.000 utils.py:74(__call__)
        1    0.000    0.000    0.000    0.000 utils.py:997(SafeEval)
        1    0.000    0.000    0.000    0.000 version.py:5(<module>)
        1    0.000    0.000    0.000    0.000 warnings.py:340(__init__)
        1    0.000    0.000    0.000    0.000 warnings.py:361(__enter__)
        1    0.000    0.000    0.000    0.000 warnings.py:377(__exit__)
        5    0.000    0.000    0.001    0.000 warnings.py:67(filterwarnings)
        1    0.000    0.000    0.000    0.000 warnings.py:96(simplefilter)
        1    0.000    0.000    0.000    0.000 weakref.py:297(__init__)
      275    0.000    0.000    0.000    0.000 {__import__}
        2    0.000    0.000    0.000    0.000 {_ctypes.POINTER}
        1    0.000    0.000    0.000    0.000 {_ctypes.dlopen}
        1    0.000    0.000    0.000    0.000 {_ctypes.set_conversion_mode}
       50    0.000    0.000    0.000    0.000 {_ctypes.sizeof}
        1    0.000    0.000    0.000    0.000 {_hashlib.openssl_md5}
        1    0.000    0.000    0.000    0.000 {_hashlib.openssl_sha1}
        1    0.000    0.000    0.000    0.000 {_hashlib.openssl_sha224}
        1    0.000    0.000    0.000    0.000 {_hashlib.openssl_sha256}
        1    0.000    0.000    0.000    0.000 {_hashlib.openssl_sha384}
        1    0.000    0.000    0.000    0.000 {_hashlib.openssl_sha512}
       16    0.000    0.000    0.000    0.000 {_sre.compile}
      154    0.000    0.000    0.000    0.000 {_sre.getlower}
       18    0.000    0.000    0.000    0.000 {_struct.calcsize}
        8    0.000    0.000    0.000    0.000 {all}
        1    0.000    0.000    0.000    0.000 {binascii.hexlify}
       16    0.000    0.000    0.000    0.000 {built-in method __new__ of type object at 0x905bc0}
      256    0.000    0.000    0.000    0.000 {chr}
        1    0.000    0.000    0.000    0.000 {function seed at 0x7f2b1e930488}
     1349    0.000    0.000    0.001    0.000 {getattr}
      349    0.000    0.000    0.000    0.000 {globals}
       41    0.000    0.000    0.000    0.000 {hasattr}
     1041    0.000    0.000    0.000    0.000 {isinstance}
    90/62    0.000    0.000    0.000    0.000 {issubclass}
        1    0.000    0.000    0.000    0.000 {iter}
1191/1163    0.000    0.000    0.000    0.000 {len}
        5    0.000    0.000    0.000    0.000 {map}
        1    0.000    0.000    0.000    0.000 {math.exp}
        2    0.000    0.000    0.000    0.000 {math.log}
        1    0.000    0.000    0.000    0.000 {math.sqrt}
        4    0.000    0.000    0.000    0.000 {max}
        8    0.000    0.000    0.000    0.000 {method '__contains__' of 'frozenset' objects}
        1    0.000    0.000    0.000    0.000 {method '__enter__' of 'thread.lock' objects}
        1    0.000    0.000    0.000    0.000 {method '__exit__' of 'thread.lock' objects}
       20    0.000    0.000    0.000    0.000 {method '__subclasses__' of 'type' objects}
       20    0.000    0.000    0.000    0.000 {method '__subclasshook__' of 'object' objects}
        1    0.000    0.000    0.000    0.000 {method 'acquire' of 'thread.lock' objects}
      119    0.000    0.000    0.000    0.000 {method 'add' of 'set' objects}
   880569    0.057    0.000    0.057    0.000 {method 'append' of 'list' objects}
        2    0.000    0.000    0.000    0.000 {method 'clear' of 'dict' objects}
        6    0.000    0.000    0.000    0.000 {method 'close' of 'file' objects}
      200    0.001    0.000    0.001    0.000 {method 'copy' of 'dict' objects}
       30    0.000    0.000    0.000    0.000 {method 'copy' of 'numpy.ndarray' objects}
        1    0.000    0.000    0.000    0.000 {method 'disable' of '_lsprof.Profiler' objects}
      109    0.000    0.000    0.000    0.000 {method 'endswith' of 'str' objects}
       24    0.000    0.000    0.000    0.000 {method 'extend' of 'list' objects}
       53    0.000    0.000    0.000    0.000 {method 'find' of 'bytearray' objects}
       28    0.000    0.000    0.000    0.000 {method 'find' of 'str' objects}
      178    0.000    0.000    0.000    0.000 {method 'format' of 'str' objects}
       92    0.000    0.000    0.000    0.000 {method 'get' of 'dict' objects}
        6    0.000    0.000    0.000    0.000 {method 'insert' of 'list' objects}
       38    0.000    0.000    0.000    0.000 {method 'isalnum' of 'str' objects}
        8    0.000    0.000    0.000    0.000 {method 'isdigit' of 'str' objects}
       36    0.000    0.000    0.000    0.000 {method 'items' of 'dict' objects}
       91    0.000    0.000    0.000    0.000 {method 'join' of 'str' objects}
       17    0.000    0.000    0.000    0.000 {method 'keys' of 'dict' objects}
        1    0.000    0.000    0.000    0.000 {method 'lower' of 'str' objects}
        2    0.000    0.000    0.000    0.000 {method 'lstrip' of 'str' objects}
        3    0.000    0.000    0.000    0.000 {method 'match' of '_sre.SRE_Pattern' objects}
       43    0.000    0.000    0.000    0.000 {method 'pop' of 'dict' objects}
   209770    0.011    0.000    0.011    0.000 {method 'random' of '_random.Random' objects}
        3    0.000    0.000    0.000    0.000 {method 'readlines' of 'file' objects}
        5    0.000    0.000    0.000    0.000 {method 'remove' of 'list' objects}
       21    0.000    0.000    0.000    0.000 {method 'remove' of 'set' objects}
        6    0.000    0.000    0.000    0.000 {method 'replace' of 'str' objects}
        9    0.000    0.000    0.000    0.000 {method 'reverse' of 'list' objects}
       21    0.000    0.000    0.000    0.000 {method 'rfind' of 'str' objects}
       21    0.000    0.000    0.000    0.000 {method 'rstrip' of 'str' objects}
       40    0.000    0.000    0.000    0.000 {method 'setdefault' of 'dict' objects}
        3    0.000    0.000    0.000    0.000 {method 'setter' of 'property' objects}
       39    0.000    0.000    0.000    0.000 {method 'split' of 'str' objects}
      239    0.000    0.000    0.000    0.000 {method 'startswith' of 'str' objects}
      272    0.000    0.000    0.000    0.000 {method 'strip' of 'str' objects}
      125    0.000    0.000    0.000    0.000 {method 'translate' of 'str' objects}
        1    0.000    0.000    0.000    0.000 {method 'union' of 'set' objects}
       25    0.000    0.000    0.000    0.000 {method 'update' of 'dict' objects}
        1    0.000    0.000    0.000    0.000 {method 'view' of 'numpy.ndarray' objects}
      211    0.000    0.000    0.000    0.000 {method 'write' of 'file' objects}
      104    0.000    0.000    0.000    0.000 {min}
      272    0.000    0.000    0.000    0.000 {numpy.core.multiarray.add_docstring}
       74    0.000    0.000    0.000    0.000 {numpy.core.multiarray.array}
       21    0.000    0.000    0.000    0.000 {numpy.core.multiarray.empty}
        2    0.000    0.000    0.000    0.000 {numpy.core.multiarray.set_string_function}
        1    0.000    0.000    0.000    0.000 {numpy.core.multiarray.set_typeDict}
       14    0.000    0.000    0.000    0.000 {numpy.core.umath.geterrobj}
        7    0.000    0.000    0.000    0.000 {numpy.core.umath.seterrobj}
        6    0.000    0.000    0.000    0.000 {open}
      151    0.000    0.000    0.000    0.000 {ord}
        2    0.000    0.000    0.000    0.000 {posix.getpid}
        1    0.000    0.000    0.000    0.000 {posix.mkdir}
        2    0.000    0.000    0.000    0.000 {posix.putenv}
       36    0.000    0.000    0.000    0.000 {posix.stat}
        2    0.000    0.000    0.000    0.000 {posix.unsetenv}
        1    0.000    0.000    0.000    0.000 {posix.urandom}
  1116539    0.112    0.000    0.112    0.000 {range}
       62    0.000    0.000    0.000    0.000 {repr}
       38    0.000    0.000    0.000    0.000 {setattr}
   159402    0.089    0.000    0.089    0.000 {sum}
       21    0.000    0.000    0.000    0.000 {sys._getframe}
        6    0.000    0.000    0.000    0.000 {thread.allocate_lock}
        2    0.000    0.000    0.000    0.000 {thread.get_ident}
        2    0.000    0.000    0.000    0.000 {time.time}
        4    0.000    0.000    0.000    0.000 {zip}


